<?xml version="1.0" encoding="UTF-8"?>
<!-- Generated by org.testng.reporters.JUnitReportReporter -->
<testsuite hostname="Aadarsh-Jha" failures="0" tests="1" name="testFiles.CartPageModule" time="30.310" errors="0" timestamp="2025-01-26T12:14:12 IST" skipped="0">
  <testcase classname="testFiles.CartPageModule" name="validationsOnCartPage" time="30.310"/>
</testsuite> <!-- testFiles.CartPageModule -->
