<?xml version="1.0" encoding="UTF-8"?>
<!-- Generated by org.testng.reporters.JUnitReportReporter -->
<testsuite hostname="Aadarsh-Jha" failures="0" tests="1" name="testFiles.WebViewIntraction" time="40.695" errors="0" timestamp="2025-02-02T11:17:41 IST" skipped="0">
  <testcase classname="testFiles.WebViewIntraction" name="HybridAppAutomationFlow" time="40.695"/>
</testsuite> <!-- testFiles.WebViewIntraction -->
