<?xml version="1.0" encoding="UTF-8"?>
<!-- Generated by org.testng.reporters.JUnitReportReporter -->
<testsuite hostname="Aadarsh-Jha" failures="0" tests="1" name="testFiles.CartPageModule" time="23.580" errors="0" timestamp="2025-01-19T12:38:31 IST" skipped="0">
  <testcase classname="testFiles.CartPageModule" name="productValidationOnCartPage" time="23.580"/>
</testsuite> <!-- testFiles.CartPageModule -->
