<?xml version="1.0" encoding="UTF-8"?>
<!-- Generated by org.testng.reporters.JUnitReportReporter -->
<testsuite hostname="Aadarsh-Jha" failures="0" tests="2" name="testFiles.FormDetailsModule" time="36.395" errors="0" timestamp="2025-01-13T12:01:28 IST" skipped="0">
  <testcase classname="testFiles.FormDetailsModule" name="ToastErrorValidation" time="1.718"/>
  <testcase classname="testFiles.FormDetailsModule" name="FillForm" time="34.677"/>
</testsuite> <!-- testFiles.FormDetailsModule -->
