<?xml version="1.0" encoding="UTF-8"?>
<!-- Generated by org.testng.reporters.JUnitReportReporter -->
<testsuite hostname="Aadarsh-Jha" failures="0" tests="1" name="testFiles.FormDetailsModule" time="32.220" errors="0" timestamp="2025-01-11T18:20:59 IST" skipped="0">
  <testcase classname="testFiles.FormDetailsModule" name="FillForm" time="32.220"/>
</testsuite> <!-- testFiles.FormDetailsModule -->
