<?xml version="1.0" encoding="UTF-8"?>
<!-- Generated by org.testng.reporters.JUnitReportReporter -->
<testsuite hostname="Aadarsh-Jha" failures="0" tests="1" name="testFiles.ProductPageModule" time="15.849" errors="0" timestamp="2025-01-19T12:48:35 IST" skipped="0">
  <testcase classname="testFiles.ProductPageModule" name="addToCart" time="15.849"/>
</testsuite> <!-- testFiles.ProductPageModule -->
