<?xml version="1.0" encoding="UTF-8"?>
<!-- Generated by org.testng.reporters.JUnitReportReporter -->
<testsuite hostname="Aadarsh-Jha" failures="0" tests="1" name="testFiles.ProductPage" time="19.149" errors="0" timestamp="2025-01-14T09:33:29 IST" skipped="0">
  <testcase classname="testFiles.ProductPage" name="addToCart" time="19.149"/>
</testsuite> <!-- testFiles.ProductPage -->
