<?xml version="1.0" encoding="UTF-8"?>
<!-- Generated by org.testng.reporters.JUnitReportReporter -->
<testsuite hostname="Aadarsh-Jha" failures="0" tests="1" name="testFiles.NavigateToBrowser" time="26.945" errors="0" timestamp="2025-01-29T06:43:34 IST" skipped="0">
  <testcase classname="testFiles.NavigateToBrowser" name="HybridAppAutomationFlow" time="26.945"/>
</testsuite> <!-- testFiles.NavigateToBrowser -->
