<?xml version="1.0" encoding="UTF-8"?>
<!-- Generated by org.testng.reporters.JUnitReportReporter -->
<testsuite hostname="Aadarsh-Jha" failures="0" tests="2" name="testFiles.FormDetailsModule" time="33.244" errors="0" timestamp="2025-01-19T12:45:09 IST" skipped="0">
  <testcase classname="testFiles.FormDetailsModule" name="ToastErrorValidation" time="1.662"/>
  <testcase classname="testFiles.FormDetailsModule" name="FillForm" time="31.582"/>
</testsuite> <!-- testFiles.FormDetailsModule -->
