<?xml version="1.0" encoding="UTF-8"?>
<!-- Generated by org.testng.reporters.JUnitReportReporter -->
<testsuite hostname="Aadarsh-Jha" failures="0" tests="2" name="testFiles.FormDetailsModule" time="32.894" errors="0" timestamp="2025-01-13T12:23:33 IST" skipped="0">
  <testcase classname="testFiles.FormDetailsModule" name="ToastErrorValidation" time="1.665"/>
  <testcase classname="testFiles.FormDetailsModule" name="FillForm" time="31.229"/>
</testsuite> <!-- testFiles.FormDetailsModule -->
